[    0.000000] Linux version 4.15.0-72-generic (buildd@lcy01-amd64-026) (gcc version 7.4.0 (Ubuntu 7.4.0-1ubuntu1~18.04.1)) #81-Ubuntu SMP Tue Nov 26 12:20:02 UTC 2019 (Ubuntu 4.15.0-72.81-generic 4.15.18)
[    0.000000] Command line: BOOT_IMAGE=/boot/vmlinuz-4.15.0-72-generic root=LABEL=cloudimg-rootfs ro console=tty1 console=ttyS0
[    0.000000] KERNEL supported cpus:
[    0.000000]   Intel GenuineIntel
[    0.000000]   AMD AuthenticAMD
[    0.000000]   Centaur CentaurHauls
[    0.000000] x86/fpu: Supporting XSAVE feature 0x001: 'x87 floating point registers'
[    0.000000] x86/fpu: Supporting XSAVE feature 0x002: 'SSE registers'
[    0.000000] x86/fpu: Supporting XSAVE feature 0x004: 'AVX registers'
[    0.000000] x86/fpu: xstate_offset[2]:  576, xstate_sizes[2]:  256
[    0.000000] x86/fpu: Enabled xstate features 0x7, context size is 832 bytes, using 'standard' format.
[    0.000000] e820: BIOS-provided physical RAM map:
[    0.000000] BIOS-e820: [mem 0x0000000000000000-0x000000000009fbff] usable
[    0.000000] BIOS-e820: [mem 0x000000000009fc00-0x000000000009ffff] reserved
[    0.000000] BIOS-e820: [mem 0x00000000000f0000-0x00000000000fffff] reserved
[    0.000000] BIOS-e820: [mem 0x0000000000100000-0x000000003ffeffff] usable
[    0.000000] BIOS-e820: [mem 0x000000003fff0000-0x000000003fffffff] ACPI data
[    0.000000] BIOS-e820: [mem 0x00000000fec00000-0x00000000fec00fff] reserved
[    0.000000] BIOS-e820: [mem 0x00000000fee00000-0x00000000fee00fff] reserved
[    0.000000] BIOS-e820: [mem 0x00000000fffc0000-0x00000000ffffffff] reserved
[    0.000000] NX (Execute Disable) protection: active
[    0.000000] SMBIOS 2.5 present.
[    0.000000] DMI: innotek GmbH VirtualBox/VirtualBox, BIOS VirtualBox 12/01/2006
[    0.000000] Hypervisor detected: KVM
[    0.000000] e820: last_pfn = 0x3fff0 max_arch_pfn = 0x400000000
[    0.000000] MTRR: Disabled
[    0.000000] x86/PAT: MTRRs disabled, skipping PAT initialization too.
[    0.000000] CPU MTRRs all blank - virtualized system.
[    0.000000] x86/PAT: Configuration [0-7]: WB  WT  UC- UC  WB  WT  UC- UC  
[    0.000000] found SMP MP-table at [mem 0x0009fff0-0x0009ffff]
[    0.000000] Scanning 1 areas for low memory corruption
[    0.000000] RAMDISK: [mem 0x35a6d000-0x36d2dfff]
[    0.000000] ACPI: Early table checksum verification disabled
[    0.000000] ACPI: RSDP 0x00000000000E0000 000024 (v02 VBOX  )
[    0.000000] ACPI: XSDT 0x000000003FFF0030 00003C (v01 VBOX   VBOXXSDT 00000001 ASL  00000061)
[    0.000000] ACPI: FACP 0x000000003FFF00F0 0000F4 (v04 VBOX   VBOXFACP 00000001 ASL  00000061)
[    0.000000] ACPI: DSDT 0x000000003FFF0470 0022EA (v02 VBOX   VBOXBIOS 00000002 INTL 20100528)
[    0.000000] ACPI: FACS 0x000000003FFF0200 000040
[    0.000000] ACPI: FACS 0x000000003FFF0200 000040
[    0.000000] ACPI: APIC 0x000000003FFF0240 00005C (v02 VBOX   VBOXAPIC 00000001 ASL  00000061)
[    0.000000] ACPI: SSDT 0x000000003FFF02A0 0001CC (v01 VBOX   VBOXCPUT 00000002 INTL 20100528)
[    0.000000] No NUMA configuration found
[    0.000000] Faking a node at [mem 0x0000000000000000-0x000000003ffeffff]
[    0.000000] NODE_DATA(0) allocated [mem 0x3ffc5000-0x3ffeffff]
[    0.000000] kvm-clock: cpu 0, msr 0:3ff44001, primary cpu clock
[    0.000000] kvm-clock: Using msrs 4b564d01 and 4b564d00
[    0.000000] kvm-clock: using sched offset of 3769625090 cycles
[    0.000000] clocksource: kvm-clock: mask: 0xffffffffffffffff max_cycles: 0x1cd42e4dffb, max_idle_ns: 881590591483 ns
[    0.000000] Zone ranges:
[    0.000000]   DMA      [mem 0x0000000000001000-0x0000000000ffffff]
[    0.000000]   DMA32    [mem 0x0000000001000000-0x000000003ffeffff]
[    0.000000]   Normal   empty
[    0.000000]   Device   empty
[    0.000000] Movable zone start for each node
[    0.000000] Early memory node ranges
[    0.000000]   node   0: [mem 0x0000000000001000-0x000000000009efff]
[    0.000000]   node   0: [mem 0x0000000000100000-0x000000003ffeffff]
[    0.000000] Reserved but unavailable: 98 pages
[    0.000000] Initmem setup node 0 [mem 0x0000000000001000-0x000000003ffeffff]
[    0.000000] ACPI: PM-Timer IO Port: 0x4008
[    0.000000] IOAPIC[0]: apic_id 2, version 32, address 0xfec00000, GSI 0-23
[    0.000000] ACPI: INT_SRC_OVR (bus 0 bus_irq 0 global_irq 2 dfl dfl)
[    0.000000] ACPI: INT_SRC_OVR (bus 0 bus_irq 9 global_irq 9 low level)
[    0.000000] Using ACPI (MADT) for SMP configuration information
[    0.000000] smpboot: Allowing 2 CPUs, 0 hotplug CPUs
[    0.000000] PM: Registered nosave memory: [mem 0x00000000-0x00000fff]
[    0.000000] PM: Registered nosave memory: [mem 0x0009f000-0x0009ffff]
[    0.000000] PM: Registered nosave memory: [mem 0x000a0000-0x000effff]
[    0.000000] PM: Registered nosave memory: [mem 0x000f0000-0x000fffff]
[    0.000000] e820: [mem 0x40000000-0xfebfffff] available for PCI devices
[    0.000000] Booting paravirtualized kernel on KVM
[    0.000000] clocksource: refined-jiffies: mask: 0xffffffff max_cycles: 0xffffffff, max_idle_ns: 7645519600211568 ns
[    0.000000] random: get_random_bytes called from start_kernel+0x99/0x4fd with crng_init=0
[    0.000000] setup_percpu: NR_CPUS:8192 nr_cpumask_bits:2 nr_cpu_ids:2 nr_node_ids:1
[    0.000000] percpu: Embedded 45 pages/cpu s147456 r8192 d28672 u1048576
[    0.000000] PV qspinlock hash table entries: 256 (order: 0, 4096 bytes)
[    0.000000] Built 1 zonelists, mobility grouping on.  Total pages: 257913
[    0.000000] Policy zone: DMA32
[    0.000000] Kernel command line: BOOT_IMAGE=/boot/vmlinuz-4.15.0-72-generic root=LABEL=cloudimg-rootfs ro console=tty1 console=ttyS0
[    0.000000] Memory: 983392K/1048120K available (12300K kernel code, 2481K rwdata, 4264K rodata, 2428K init, 2388K bss, 64728K reserved, 0K cma-reserved)
[    0.000000] SLUB: HWalign=64, Order=0-3, MinObjects=0, CPUs=2, Nodes=1
[    0.000000] Kernel/User page tables isolation: enabled
[    0.000000] ftrace: allocating 39318 entries in 154 pages
[    0.004000] Hierarchical RCU implementation.
[    0.004000] 	RCU restricting CPUs from NR_CPUS=8192 to nr_cpu_ids=2.
[    0.004000] 	Tasks RCU enabled.
[    0.004000] RCU: Adjusting geometry for rcu_fanout_leaf=16, nr_cpu_ids=2
[    0.004000] NR_IRQS: 524544, nr_irqs: 440, preallocated irqs: 16
[    0.004000] Console: colour VGA+ 80x25
[    0.004000] console [tty1] enabled
[    0.004000] console [ttyS0] enabled
[    0.004000] ACPI: Core revision 20170831
[    0.004000] ACPI: 2 ACPI AML tables successfully acquired and loaded
[    0.004000] APIC: Switch to symmetric I/O mode setup
[    0.004000] x2apic enabled
[    0.004000] Switched APIC routing to physical x2apic.
[    0.004000] ..TIMER: vector=0x30 apic1=0 pin1=2 apic2=-1 pin2=-1
[    0.004006] tsc: Detected 2494.226 MHz processor
[    0.004897] Calibrating delay loop (skipped) preset value.. 4988.45 BogoMIPS (lpj=9976904)
[    0.005454] pid_max: default: 32768 minimum: 301
[    0.008036] Security Framework initialized
[    0.008757] Yama: becoming mindful.
[    0.009457] AppArmor: AppArmor initialized
[    0.012010] Dentry cache hash table entries: 131072 (order: 8, 1048576 bytes)
[    0.013414] Inode-cache hash table entries: 65536 (order: 7, 524288 bytes)
[    0.014565] Mount-cache hash table entries: 2048 (order: 2, 16384 bytes)
[    0.015686] Mountpoint-cache hash table entries: 2048 (order: 2, 16384 bytes)
[    0.016296] Last level iTLB entries: 4KB 1024, 2MB 1024, 4MB 1024
[    0.017485] Last level dTLB entries: 4KB 1024, 2MB 1024, 4MB 1024, 1GB 4
[    0.018855] Spectre V1 : Mitigation: usercopy/swapgs barriers and __user pointer sanitization
[    0.020004] Spectre V2 : Mitigation: Full generic retpoline
[    0.021023] Spectre V2 : Spectre v2 / SpectreRSB mitigation: Filling RSB on context switch
[    0.022485] Speculative Store Bypass: Vulnerable
[    0.024045] MDS: Mitigation: Clear CPU buffers
[    0.025112] Freeing SMP alternatives memory: 36K
[    0.136870] smpboot: CPU0: Intel(R) Core(TM) i7-4870HQ CPU @ 2.50GHz (family: 0x6, model: 0x46, stepping: 0x1)
[    0.139059] Performance Events: unsupported p6 CPU model 70 no PMU driver, software events only.
[    0.140074] Hierarchical SRCU implementation.
[    0.141426] NMI watchdog: Perf event create on CPU 0 failed with -2
[    0.142608] NMI watchdog: Perf NMI watchdog permanently disabled
[    0.144054] smp: Bringing up secondary CPUs ...
[    0.144968] x86: Booting SMP configuration:
[    0.145729] .... node  #0, CPUs:      #1
[    0.004000] kvm-clock: cpu 1, msr 0:3ff44041, secondary cpu clock
[    0.148026] smp: Brought up 1 node, 2 CPUs
[    0.148907] smpboot: Max logical packages: 1
[    0.149911] smpboot: Total of 2 processors activated (9976.90 BogoMIPS)
[    0.152144] devtmpfs: initialized
[    0.152688] x86/mm: Memory block size: 128MB
[    0.153582] evm: security.selinux
[    0.154210] evm: security.SMACK64
[    0.156005] evm: security.SMACK64EXEC
[    0.156682] evm: security.SMACK64TRANSMUTE
[    0.157535] evm: security.SMACK64MMAP
[    0.158230] evm: security.apparmor
[    0.158925] evm: security.ima
[    0.159525] evm: security.capability
[    0.160101] clocksource: jiffies: mask: 0xffffffff max_cycles: 0xffffffff, max_idle_ns: 7645041785100000 ns
[    0.161714] futex hash table entries: 512 (order: 3, 32768 bytes)
[    0.164000] pinctrl core: initialized pinctrl subsystem
[    0.164119] RTC time:  2:40:34, date: 12/21/19
[    0.165344] NET: Registered protocol family 16
[    0.168089] audit: initializing netlink subsys (disabled)
[    0.169117] audit: type=2000 audit(1576896039.048:1): state=initialized audit_enabled=0 res=1
[    0.169521] cpuidle: using governor ladder
[    0.172012] cpuidle: using governor menu
[    0.172789] ACPI: bus type PCI registered
[    0.173635] acpiphp: ACPI Hot Plug PCI Controller Driver version: 0.5
[    0.174955] PCI: Using configuration type 1 for base access
[    0.177153] HugeTLB registered 2.00 MiB page size, pre-allocated 0 pages
[    0.177462] ACPI: Added _OSI(Module Device)
[    0.180009] ACPI: Added _OSI(Processor Device)
[    0.180801] ACPI: Added _OSI(3.0 _SCP Extensions)
[    0.181674] ACPI: Added _OSI(Processor Aggregator Device)
[    0.182615] ACPI: Added _OSI(Linux-Dell-Video)
[    0.183409] ACPI: Added _OSI(Linux-Lenovo-NV-HDMI-Audio)
[    0.184002] ACPI: Added _OSI(Linux-HPI-Hybrid-Graphics)
[    0.185265] ACPI: Executed 1 blocks of module-level executable AML code
[    0.191102] ACPI: Interpreter enabled
[    0.191841] ACPI: (supports S0 S5)
[    0.192004] ACPI: Using IOAPIC for interrupt routing
[    0.193120] PCI: Using host bridge windows from ACPI; if necessary, use "pci=nocrs" and report a bug
[    0.194844] ACPI: Enabled 2 GPEs in block 00 to 07
[    0.202574] ACPI: PCI Root Bridge [PCI0] (domain 0000 [bus 00-ff])
[    0.204012] acpi PNP0A03:00: _OSC: OS supports [ASPM ClockPM Segments MSI]
[    0.205632] acpi PNP0A03:00: _OSC: not requesting OS control; OS requires [ExtendedConfig ASPM ClockPM MSI]
[    0.207429] acpi PNP0A03:00: fail to add MMCONFIG information, can't access extended PCI configuration space under this bridge.
[    0.208449] PCI host bridge to bus 0000:00
[    0.209193] pci_bus 0000:00: root bus resource [io  0x0000-0x0cf7 window]
[    0.212003] pci_bus 0000:00: root bus resource [io  0x0d00-0xffff window]
[    0.213172] pci_bus 0000:00: root bus resource [mem 0x000a0000-0x000bffff window]
[    0.214495] pci_bus 0000:00: root bus resource [mem 0x40000000-0xfdffffff window]
[    0.215794] pci_bus 0000:00: root bus resource [bus 00-ff]
[    0.220115] pci 0000:00:01.1: legacy IDE quirk: reg 0x10: [io  0x01f0-0x01f7]
[    0.221682] pci 0000:00:01.1: legacy IDE quirk: reg 0x14: [io  0x03f6]
[    0.223017] pci 0000:00:01.1: legacy IDE quirk: reg 0x18: [io  0x0170-0x0177]
[    0.224004] pci 0000:00:01.1: legacy IDE quirk: reg 0x1c: [io  0x0376]
[    0.240892] pci 0000:00:07.0: quirk: [io  0x4000-0x403f] claimed by PIIX4 ACPI
[    0.242246] pci 0000:00:07.0: quirk: [io  0x4100-0x410f] claimed by PIIX4 SMB
[    0.249602] ACPI: PCI Interrupt Link [LNKA] (IRQs 5 9 10 *11)
[    0.250983] ACPI: PCI Interrupt Link [LNKB] (IRQs 5 9 *10 11)
[    0.252080] ACPI: PCI Interrupt Link [LNKC] (IRQs 5 *9 10 11)
[    0.253356] ACPI: PCI Interrupt Link [LNKD] (IRQs 5 9 10 *11)
[    0.254745] SCSI subsystem initialized
[    0.255493] pci 0000:00:02.0: vgaarb: setting as boot VGA device
[    0.255493] pci 0000:00:02.0: vgaarb: VGA device added: decodes=io+mem,owns=io+mem,locks=none
[    0.256014] pci 0000:00:02.0: vgaarb: bridge control possible
[    0.257100] vgaarb: loaded
[    0.260042] ACPI: bus type USB registered
[    0.260764] usbcore: registered new interface driver usbfs
[    0.261791] usbcore: registered new interface driver hub
[    0.262712] usbcore: registered new device driver usb
[    0.264073] EDAC MC: Ver: 3.0.0
[    0.264891] PCI: Using ACPI for IRQ routing
[    0.265278] NetLabel: Initializing
[    0.266060] NetLabel:  domain hash size = 128
[    0.266845] NetLabel:  protocols = UNLABELED CIPSOv4 CALIPSO
[    0.268027] NetLabel:  unlabeled traffic allowed by default
[    0.269196] clocksource: Switched to clocksource kvm-clock
[    0.281733] VFS: Disk quotas dquot_6.6.0
[    0.282515] VFS: Dquot-cache hash table entries: 512 (order 0, 4096 bytes)
[    0.283875] AppArmor: AppArmor Filesystem Enabled
[    0.284825] pnp: PnP ACPI init
[    0.286820] pnp: PnP ACPI: found 3 devices
[    0.295819] clocksource: acpi_pm: mask: 0xffffff max_cycles: 0xffffff, max_idle_ns: 2085701024 ns
[    0.297577] NET: Registered protocol family 2
[    0.298529] TCP established hash table entries: 8192 (order: 4, 65536 bytes)
[    0.299779] TCP bind hash table entries: 8192 (order: 5, 131072 bytes)
[    0.302405] TCP: Hash tables configured (established 8192 bind 8192)
[    0.303509] UDP hash table entries: 512 (order: 2, 16384 bytes)
[    0.304550] UDP-Lite hash table entries: 512 (order: 2, 16384 bytes)
[    0.305874] NET: Registered protocol family 1
[    0.306872] pci 0000:00:00.0: Limiting direct PCI/PCI transfers
[    0.308255] pci 0000:00:01.0: Activating ISA DMA hang workarounds
[    0.309769] pci 0000:00:02.0: Video device with shadowed ROM at [mem 0x000c0000-0x000dffff]
[    0.311523] Unpacking initramfs...
[    0.575181] Freeing initrd memory: 19204K
[    0.576103] clocksource: tsc: mask: 0xffffffffffffffff max_cycles: 0x23f3eb3743e, max_idle_ns: 440795257847 ns
[    0.577969] platform rtc_cmos: registered platform RTC device (no PNP device found)
[    0.579373] Scanning for low memory corruption every 60 seconds
[    0.581163] Initialise system trusted keyrings
[    0.581998] Key type blacklist registered
[    0.582830] workingset: timestamp_bits=36 max_order=18 bucket_order=0
[    0.584766] zbud: loaded
[    0.585789] squashfs: version 4.0 (2009/01/31) Phillip Lougher
[    0.587178] fuse init (API version 7.26)
[    0.591448] Key type asymmetric registered
[    0.592259] Asymmetric key parser 'x509' registered
[    0.593207] Block layer SCSI generic (bsg) driver version 0.4 loaded (major 246)
[    0.594578] io scheduler noop registered
[    0.595286] io scheduler deadline registered
[    0.596328] io scheduler cfq registered (default)
[    0.597697] ACPI: AC Adapter [AC] (on-line)
[    0.598513] input: Power Button as /devices/LNXSYSTM:00/LNXPWRBN:00/input/input0
[    0.600247] ACPI: Power Button [PWRF]
[    0.601097] input: Sleep Button as /devices/LNXSYSTM:00/LNXSLPBN:00/input/input1
[    0.602411] ACPI: Sleep Button [SLPF]
[    0.604896] ACPI: Battery Slot [BAT0] (battery present)
[    0.606375] Serial: 8250/16550 driver, 32 ports, IRQ sharing enabled
[    0.628748] 00:02: ttyS0 at I/O 0x3f8 (irq = 4, base_baud = 115200) is a 16550A
[    0.633761] Linux agpgart interface v0.103
[    0.636115] loop: module loaded
[    0.637310] scsi host0: ata_piix
[    0.638178] scsi host1: ata_piix
[    0.638856] ata1: PATA max UDMA/33 cmd 0x1f0 ctl 0x3f6 bmdma 0xd000 irq 14
[    0.640193] ata2: PATA max UDMA/33 cmd 0x170 ctl 0x376 bmdma 0xd008 irq 15
[    0.642468] libphy: Fixed MDIO Bus: probed
[    0.643274] tun: Universal TUN/TAP device driver, 1.6
[    0.644750] PPP generic driver version 2.4.2
[    0.645659] ehci_hcd: USB 2.0 'Enhanced' Host Controller (EHCI) Driver
[    0.646800] ehci-pci: EHCI PCI platform driver
[    0.647604] ehci-platform: EHCI generic platform driver
[    0.648587] ohci_hcd: USB 1.1 'Open' Host Controller (OHCI) Driver
[    0.649664] ohci-pci: OHCI PCI platform driver
[    0.650474] ohci-platform: OHCI generic platform driver
[    0.651401] uhci_hcd: USB Universal Host Controller Interface driver
[    0.652619] i8042: PNP: PS/2 Controller [PNP0303:PS2K,PNP0f03:PS2M] at 0x60,0x64 irq 1,12
[    0.655077] serio: i8042 KBD port at 0x60,0x64 irq 1
[    0.656618] serio: i8042 AUX port at 0x60,0x64 irq 12
[    0.657963] mousedev: PS/2 mouse device common for all mice
[    0.659682] rtc_cmos rtc_cmos: rtc core: registered rtc_cmos as rtc0
[    0.660954] rtc_cmos rtc_cmos: alarms up to one day, 114 bytes nvram
[    0.662124] input: AT Translated Set 2 keyboard as /devices/platform/i8042/serio0/input/input2
[    0.663649] i2c /dev entries driver
[    0.664511] device-mapper: uevent: version 1.0.3
[    0.665407] device-mapper: ioctl: 4.37.0-ioctl (2017-09-20) initialised: dm-devel@redhat.com
[    0.667580] ledtrig-cpu: registered to indicate activity on CPUs
[    0.669215] NET: Registered protocol family 10
[    0.674753] Segment Routing with IPv6
[    0.675509] NET: Registered protocol family 17
[    0.676469] Key type dns_resolver registered
[    0.677482] mce: Using 0 MCE banks
[    0.678125] RAS: Correctable Errors collector initialized.
[    0.679155] sched_clock: Marking stable (677460128, 0)->(831020599, -153560471)
[    0.684910] registered taskstats version 1
[    0.685728] Loading compiled-in X.509 certificates
[    0.689194] Loaded X.509 cert 'Build time autogenerated kernel key: f4f7241365689b0cbe3898188e65e316fd8f978d'
[    0.690962] zswap: loaded using pool lzo/zbud
[    0.695777] Key type big_key registered
[    0.696709] Key type trusted registered
[    0.699160] Key type encrypted registered
[    0.699906] AppArmor: AppArmor sha1 policy hashing enabled
[    0.701025] ima: No TPM chip found, activating TPM-bypass! (rc=-19)
[    0.702082] ima: Allocated hash algorithm: sha1
[    0.702925] evm: HMAC attrs: 0x1
[    0.703808]   Magic number: 15:955:662
[    0.704782] rtc_cmos rtc_cmos: setting system clock to 2019-12-21 02:40:34 UTC (1576896034)
[    0.706929] BIOS EDD facility v0.16 2004-Jun-25, 0 devices found
[    0.708336] EDD information not available.
[    0.808183] Freeing unused kernel image memory: 2428K
[    0.824583] Write protecting the kernel read-only data: 20480k
[    0.827064] Freeing unused kernel image memory: 2008K
[    0.829065] Freeing unused kernel image memory: 1880K
[    0.836162] x86/mm: Checked W+X mappings: passed, no W+X pages found.
[    0.837301] x86/mm: Checking user space page tables
[    0.844410] x86/mm: Checked W+X mappings: passed, no W+X pages found.
Loading, please wait...
starting version 237
[    0.909426] e1000: Intel(R) PRO/1000 Network Driver - version 7.3.21-k8-NAPI
[    0.911100] e1000: Copyright (c) 1999-2006 Intel Corporation.
[    0.918798] Fusion MPT base driver 3.04.20
[    0.919819] Copyright (c) 1999-2008 LSI Corporation
[    0.935658] Fusion MPT SPI Host driver 3.04.20
[    0.938960] AVX2 version of gcm_enc/dec engaged.
[    0.939889] AES CTR mode by8 optimization enabled
[    1.127570] input: ImExPS/2 Generic Explorer Mouse as /devices/platform/i8042/serio1/input/input4
[    1.321536] e1000 0000:00:03.0 eth0: (PCI:33MHz:32-bit) 02:b7:1f:33:e9:24
[    1.323064] e1000 0000:00:03.0 eth0: Intel(R) PRO/1000 Network Connection
[    1.325363] mptbase: ioc0: Initiating bringup
[    1.326932] e1000 0000:00:03.0 enp0s3: renamed from eth0
[    1.656731] ioc0: LSI53C1030 A0: Capabilities={Initiator}
[    2.606766] scsi host2: ioc0: LSI53C1030 A0, FwRev=00000000h, Ports=1, MaxQ=256, IRQ=20
[    3.321460] scsi 2:0:0:0: Direct-Access     VBOX     HARDDISK         1.0  PQ: 0 ANSI: 5
[    3.356175] scsi target2:0:0: Beginning Domain Validation
[    3.359770] scsi target2:0:0: Domain Validation skipping write tests
[    3.361192] scsi target2:0:0: Ending Domain Validation
[    3.362579] scsi target2:0:0: asynchronous
[    3.364326] scsi 2:0:1:0: Direct-Access     VBOX     HARDDISK         1.0  PQ: 0 ANSI: 5
[    3.396646] scsi target2:0:1: Beginning Domain Validation
[    3.400163] random: fast init done
[    3.401480] scsi target2:0:1: Domain Validation skipping write tests
[    3.402798] scsi target2:0:1: Ending Domain Validation
[    3.403848] scsi target2:0:1: asynchronous
[    3.408981] random: systemd-udevd: uninitialized urandom read (16 bytes read)
[    3.409038] sd 2:0:0:0: Attached scsi generic sg0 type 0
[    3.410278] random: systemd-udevd: uninitialized urandom read (16 bytes read)
[    3.411387] sd 2:0:1:0: Attached scsi generic sg1 type 0
[    3.412558] random: systemd-udevd: uninitialized urandom read (16 bytes read)
[    3.415102] sd 2:0:0:0: [sda] 20971520 512-byte logical blocks: (10.7 GB/10.0 GiB)
[    3.416859] sd 2:0:1:0: [sdb] 20480 512-byte logical blocks: (10.5 MB/10.0 MiB)
[    3.418947] sd 2:0:0:0: [sda] Write Protect is off
[    3.419924] sd 2:0:1:0: [sdb] Write Protect is off
[    3.421075] sd 2:0:0:0: [sda] Incomplete mode parameter data
[    3.422143] sd 2:0:0:0: [sda] Assuming drive cache: write through
[    3.423454] sd 2:0:1:0: [sdb] Incomplete mode parameter data
[    3.424588] sd 2:0:1:0: [sdb] Assuming drive cache: write through
[    3.429374]  sda: sda1
[    3.431505] sd 2:0:1:0: [sdb] Attached SCSI disk
[    3.432110] sd 2:0:0:0: [sda] Attached SCSI disk
Begin: Loading essential drivers ... [    4.868052] raid6: sse2x1   gen() 10882 MB/s
[    4.916523] raid6: sse2x1   xor()  7801 MB/s
[    4.964098] raid6: sse2x2   gen() 13088 MB/s
[    5.012266] raid6: sse2x2   xor()  8474 MB/s
[    5.060528] raid6: sse2x4   gen() 15365 MB/s
[    5.108031] raid6: sse2x4   xor()  9413 MB/s
[    5.156519] raid6: avx2x1   gen() 19301 MB/s
[    5.204274] raid6: avx2x1   xor() 14241 MB/s
[    5.252239] raid6: avx2x2   gen() 24676 MB/s
[    5.300229] raid6: avx2x2   xor() 15256 MB/s
[    5.348037] raid6: avx2x4   gen() 27758 MB/s
[    5.396146] raid6: avx2x4   xor() 17330 MB/s
[    5.396976] raid6: using algorithm avx2x4 gen() 27758 MB/s
[    5.397916] raid6: .... xor() 17330 MB/s, rmw enabled
[    5.398781] raid6: using avx2x2 recovery algorithm
[    5.401286] xor: automatically using best checksumming function   avx       
[    5.404403] async_tx: api initialized (async)
done.
Begin: Running /scripts/init-premount ... done.
Begin: Mounting root file system ... Begin: Running /scripts/local-top ... done.
Begin: Running /scripts/local-premount ... [    5.445674] Btrfs loaded, crc32c=crc32c-intel
Scanning for Btrfs filesystems
done.
Warning: fsck not present, so skipping root file system
[    5.477006] EXT4-fs (sda1): mounted filesystem with ordered data mode. Opts: (null)
done.
Begin: Running /scripts/local-bottom ... done.
Begin: Running /scripts/init-bottom ... done.
[    5.634038] ip_tables: (C) 2000-2006 Netfilter Core Team
[    5.641954] systemd[1]: systemd 237 running in system mode. (+PAM +AUDIT +SELINUX +IMA +APPARMOR +SMACK +SYSVINIT +UTMP +LIBCRYPTSETUP +GCRYPT +GNUTLS +ACL +XZ +LZ4 +SECCOMP +BLKID +ELFUTILS +KMOD -IDN2 +IDN -PCRE2 default-hierarchy=hybrid)
[    5.646445] systemd[1]: Detected virtualization oracle.
[    5.647411] systemd[1]: Detected architecture x86-64.

Welcome to [1mUbuntu 18.04.3 LTS[0m!

[    5.655532] systemd[1]: Set hostname to <ubuntu>.
[    5.661583] systemd[1]: Initializing machine ID from random generator.
[    5.662888] systemd[1]: Installed transient /etc/machine-id file.
[    5.880762] systemd[1]: Reached target System Time Synchronized.
[[0;32m  OK  [0m] Reached target System Time Synchronized.
[    5.885707] systemd[1]: Created slice System Slice.
[[0;32m  OK  [0m] Created slice System Slice.
[    5.897476] systemd[1]: Created slice system-serial\x2dgetty.slice.
[[0;32m  OK  [0m] Created slice system-serial\x2dgetty.slice.
[    5.899753] systemd[1]: Listening on udev Control Socket.
[[0;32m  OK  [0m] Listening on udev Control Socket.
[[0;32m  OK  [0m] Listening on LVM2 poll daemon socket.
[[0;32m  OK  [0m] Listening on LVM2 metadata daemon socket.
[[0;32m  OK  [0m] Listening on Network Service Netlink Socket.
[[0;32m  OK  [0m] Reached target Swap.
[[0;32m  OK  [0m] Listening on Journal Socket.
         Starting Set the console keyboard layout...
         Starting Load Kernel Modules...
         Starting Create list of required st…ce nodes for the current kernel...
         Starting Uncomplicated firewall...
[    5.959747] Loading iSCSI transport class v2.0-870.
[    5.965974] iscsi: registered transport (tcp)
[[0;32m  OK  [0m] Listening on Journal Socket (/dev/log).
         Mounting POSIX Message Queue File System...
[[0;32m  OK  [0m] Listening on Journal Audit Socke[    5.980829] iscsi: registered transport (iser)
t.
         Mounting Huge Pages File System...
[[0;32m  OK  [0m] Listening on /dev/initctl Compatibility Named Pipe.
[[0;32m  OK  [0m] Listening on Device-mapper event daemon FIFOs.
         Starting Monitoring of LVM2 mirrors…ng dmeventd or progress polling...
[[0;32m  OK  [0m] Started Forward Password Requests to Wall Directory Watch.
[[0;32m  OK  [0m] Listening on udev Kernel Socket.
         Starting udev Coldplug all Devices...
         Mounting Kernel Debug File System...
[[0;32m  OK  [0m] Created slice User and Session Slice.
[[0;32m  OK  [0m] Reached target Slices.
[[0;32m  OK  [0m] Set up automount Arbitrary Executab…rmats File System Automount Point.
[[0;32m  OK  [0m] Reached target User and Group Name Lookups.
         Starting Remount Root and Kernel File Systems...
[[0;32m  OK  [0m] Listening on Syslog Socket.
[    6.080053] EXT4-fs (sda1): re-mounted. Opts: (null)
         Starting Journal Service...
[[0;32m  OK  [0m] Started Load Kernel Modules.
[[0;32m  OK  [0m] Started Create list of required sta…vice nodes for the current kernel.
[[0;32m  OK  [0m] Started Uncomplicated firewall.
[[0;32m  OK  [0m] Mounted POSIX Message Queue File System.
[[0;32m  OK  [0m] Mounted Huge Pages File System.
[[0;32m  OK  [0m] Mounted Kernel Debug File System.
[[0;32m  OK  [0m] Started Remount Root and Kernel File Systems.
[[0;32m  OK  [0m] Started LVM2 metadata daemon.
         Starting Load/Save Random Seed...
         Starting Create Static Device Nodes in /dev...
         Mounting FUSE Control File System...
         Mounting Kernel Configuration File System...
         Starting Apply Kernel Variables...
[[0;32m  OK  [0m] Started Journal Service.
[[0;32m  OK  [0m] Started Set the console keyboard layout.
[[0;32m  OK  [0m] Started udev Coldplug all Devices.
[[0;32m  OK  [0m] Started Monitoring of LVM2 mirrors,…sing dmeventd or progress polling.
[[0;32m  OK  [0m] Started Load/Save Random Seed.
[[0;32m  OK  [0m] Mounted FUSE Control File System.
[[0;32m  OK  [0m] Mounted Kernel Configuration File System.
         Starting Flush Journal to Persistent Storage...
[[0;32m  OK  [0m] Started Apply Kernel Variables.
[[0;32m  OK  [0m] Started Create Static Device Nodes in /dev.
[[0;32m  OK  [0m] Reached target Local File Systems (Pre).
[[0;32m  OK  [0m] Reached target Local File Systems.
         Starting Tell Plymouth To Write Out Runtime Data...
         Starting Set console font and keymap...
         Starting ebtables ruleset management...
         Starting AppArmor initialization...
         Starting Commit a transient machine-id on disk...
         Starting udev Kernel Device Manager...
[[0;32m  OK  [0m] Started Tell Plymouth To Write Out Runtime Data.
[[0;32m  OK  [0m] Started Set console font and keymap.
[[0;32m  OK  [0m] Started Flush Journal to Persistent Storage.
         Starting Create Volatile Files and Directories...
[[0;32m  OK  [0m] Started udev Kernel Device Manager.
[[0;32m  OK  [0m] Started Dispatch Password Requests to Console Directory Watch.
[[0;32m  OK  [0m] Reached target Local Encrypted Volumes.
[[0;32m  OK  [0m] Started Commit a transient machine-id on disk.
[[0;32m  OK  [0m] Started Create Volatile Files and Directories.
         Starting Update UTMP about System Boot/Shutdown...
[[0;32m  OK  [0m] Started Update UTMP about System Boot/Shutdown.
[[0;32m  OK  [0m] Started ebtables ruleset management.
[[0;32m  OK  [0m] Found device /dev/ttyS0.
[[0;32m  OK  [0m] Listening on Load/Save RF Kill Switch Status /dev/rfkill Watch.
[[0;32m  OK  [0m] Started AppArmor initialization.
         Starting Initial cloud-init job (pre-networking)...
[    8.198726] cloud-init[553]: Cloud-init v. 19.3-41-gc4735dd3-0ubuntu1~18.04.1 running 'init-local' at Sat, 21 Dec 2019 02:40:41 +0000. Up 7.86 seconds.
[[0;32m  OK  [0m] Started Initial cloud-init job (pre-networking).
[[0;32m  OK  [0m] Reached target Network (Pre).
         Starting Network Service...
[[0;32m  OK  [0m] Started Network Service.
         Starting Wait for Network to be Configured...
         Starting Network Name Resolution...
[[0;32m  OK  [0m] Started Network Name Resolution.
[[0;32m  OK  [0m] Reached target Network.
[[0;32m  OK  [0m] Reached target Host and Network Name Lookups.
[[0;32m  OK  [0m] Started Wait for Network to be Configured.
         Starting Initial cloud-init job (metadata service crawler)...
[   10.721503] cloud-init[659]: Cloud-init v. 19.3-41-gc4735dd3-0ubuntu1~18.04.1 running 'init' at Sat, 21 Dec 2019 02:40:44 +0000. Up 10.59 seconds.
[   10.732227] cloud-init[659]: ci-info: ++++++++++++++++++++++++++++++++++++++Net device info++++++++++++++++++++++++++++++++++++++
[   10.733637] cloud-init[659]: ci-info: +--------+------+----------------------------+---------------+--------+-------------------+
[   10.735052] cloud-init[659]: ci-info: | Device |  Up  |          Address           |      Mask     | Scope  |     Hw-Address    |
[   10.748475] cloud-init[659]: ci-info: +--------+------+----------------------------+---------------+--------+-------------------+
[   10.749804] cloud-init[659]: ci-info: | enp0s3 | True |         10.0.2.15          | 255.255.255.0 | global | 02:b7:1f:33:e9:24 |
[   10.751285] cloud-init[659]: ci-info: | enp0s3 | True | fe80::b7:1fff:fe33:e924/64 |       .       |  link  | 02:b7:1f:33:e9:24 |
[   10.760264] cloud-init[659]: ci-info: |   lo   | True |         127.0.0.1          |   255.0.0.0   |  host  |         .         |
[   10.761611] cloud-init[659]: ci-info: |   lo   | True |          ::1/128           |       .       |  host  |         .         |
[   10.762814] cloud-init[659]: ci-info: +--------+------+----------------------------+---------------+--------+-------------------+
[   10.764363] cloud-init[659]: ci-info: ++++++++++++++++++++++++++++Route IPv4 info+++++++++++++++++++++++++++++
[   10.765723] cloud-init[659]: ci-info: +-------+-------------+----------+-----------------+-----------+-------+
[   10.766925] cloud-init[659]: ci-info: | Route | Destination | Gateway  |     Genmask     | Interface | Flags |
[   10.767990] cloud-init[659]: ci-info: +-------+-------------+----------+-----------------+-----------+-------+
[   10.769238] cloud-init[659]: ci-info: |   0   |   0.0.0.0   | 10.0.2.2 |     0.0.0.0     |   enp0s3  |   UG  |
[   10.770368] cloud-init[659]: ci-info: |   1   |   10.0.2.0  | 0.0.0.0  |  255.255.255.0  |   enp0s3  |   U   |
[   10.771673] cloud-init[659]: ci-info: |   2   |   10.0.2.2  | 0.0.0.0  | 255.255.255.255 |   enp0s3  |   UH  |
[   10.773018] cloud-init[659]: ci-info: +-------+-------------+----------+-----------------+-----------+-------+
[   10.784225] cloud-init[659]: ci-info: +++++++++++++++++++Route IPv6 info+++++++++++++++++++
[   10.785422] cloud-init[659]: ci-info: +-------+-------------+---------+-----------+-------+
[   10.786611] cloud-init[659]: ci-info: | Route | Destination | Gateway | Interface | Flags |
[   10.787486] cloud-init[659]: ci-info: +-------+-------------+---------+-----------+-------+
[   10.788506] cloud-init[659]: ci-info: |   1   |  fe80::/64  |    ::   |   enp0s3  |   U   |
[   10.804464] cloud-init[659]: ci-info: |   3   |    local    |    ::   |   enp0s3  |   U   |
[   10.816473] cloud-init[659]: ci-info: |   4   |   ff00::/8  |    ::   |   enp0s3  |   U   |
[   10.817550] cloud-init[659]: ci-info: +-------+-------------+---------+-----------+-------+
[   11.417507] cloud-init[659]: Generating public/private rsa key pair.
[   11.428788] cloud-init[659]: Your identification has been saved in /etc/ssh/ssh_host_rsa_key.
[   11.440367] cloud-init[659]: Your public key has been saved in /etc/ssh/ssh_host_rsa_key.pub.
[   11.441366] cloud-init[659]: The key fingerprint is:
[   11.452621] cloud-init[659]: SHA256:PSM3mTGCqiUx7u4LL2G2phFTRdZB4thEvH7r8wgvZtA root@ubuntu-bionic
[[0;32m  OK  [0m] Started Initial cloud-init job (metadata service crawler).
[[0;32m  OK  [0m] Reached target System Initialization.
[   11.470536] cloud-init[659]: The key's randomart image is:
[   11.472963] cloud-init[659]: +---[RSA 2048]----+
[[0;32m  OK  [0m] Started Daily apt download activities.
[   11.474981] cloud-init[659]: |   +Boo.         |
         Starting Socket activation for snappy daemon.
[   11.478040] cloud-init[659]: |   B....         |
[[0;32m  OK  [0m[   11.496603] ] cloud-initListening on Open-iSCSI iscsid Socket.[659]: 
|  = o.. . o      |
[[0;32m  OK  [0m] [   11.508803] Listening on UUID daemon activation socket.cloud-init
[659]: | o o..   o =     |
[   11.510630] cloud-init[659]: |o ooo   S O      |
[   11.511313] cloud-init[659]: |.*.+E .  o +     |
[[0;32m  OK  [0m] [   11.520522] cloud-init[659]: |=.+... .         |
[   11.521203] cloud-init[659]: |.B  +oo.         |
[   11.522452] cloud-init[659]: |+o=+ o+o.        |
[   11.522709] cloud-init[659]: +----[SHA256]-----+
[   11.523479] cloud-init[659]: Generating public/private dsa key pair.
[   11.523689] cloud-init[659]: Your identification has been saved in /etc/ssh/ssh_host_dsa_key.
[   11.525284] cloud-init[659]: Your public key has been saved in /etc/ssh/ssh_host_dsa_key.pub.
[   11.526001] cloud-init[659]: The key fingerprint is:
[   11.526302] cloud-init[659]: SHA256:T5DcfEX/akM0dljEdoWuyn83+REyjemTPLCBk2Bb2+4 root@ubuntu-bionic
[   11.526958] cloud-init[659]: The key's randomart image is:
[   11.527765] cloud-init[659]: +---[DSA 1024]----+
[   11.528486] cloud-init[659]: |             .o+=|
[   11.529109] cloud-init[659]: |       . +   ..++|
[   11.529352] cloud-init[659]: |       o+.o ..=.+|
[   11.529918] cloud-init[659]: |      . +.=. o=o.|
[   11.530458] cloud-init[659]: |       .S=.+ *.o.|
[   11.530560] cloud-init[659]: |         oo B.+..|
[   11.530593] cloud-init[659]: |         ..+ *+..|
[   11.531344] cloud-init[659]: |          +  .++o|
[   11.531740] cloud-init[659]: |           E.. .+|
[   11.531882] cloud-init[659]: +----[SHA256]-----+
[   11.532445] cloud-init[659]: Generating public/private ecdsa key pair.
[   11.532609] cloud-init[659]: Your identification has been saved in /etc/ssh/ssh_host_ecdsa_key.
[   11.532993] cloud-init[659]: Your public key has been saved in /etc/ssh/ssh_host_ecdsa_key.pub.
[   11.533136] cloud-init[659]: The key fingerprint is:
[   11.533402] cloud-init[659]: SHA256:FZy2/NNh9gBZkGKkJWY0/dneMqupoOkCO0yioGKxQME root@ubuntu-bionic
[   11.533928] cloud-init[659]: The key's randomart image is:
[   11.534386] cloud-init[659]: +---[ECDSA 256]---+
[   11.534539] cloud-init[659]: |.      .*++..=.  |
[   11.534801] cloud-init[659]: | E     o =B.+    |
[   11.535194] cloud-init[659]: |  .     .+.+ +   |
[   11.535465] cloud-init[659]: | .       .o o *  |
[   11.535563] cloud-init[659]: |.       S  . = = |
[   11.536136] cloud-init[659]: |+.o         o = o|
[   11.536236] cloud-init[659]: |=+oo    .    . + |
[   11.536272] cloud-init[659]: |+o+ .  o .   ..  |
[   11.537833] cloud-init[659]: |o  . o+   ..o.   |
[   11.537930] cloud-init[659]: +----[SHA256]-----+
[   11.538355] cloud-init[659]: Generating public/private ed25519 key pair.
[   11.538393] cloud-init[659]: Your identification has been saved in /etc/ssh/ssh_host_ed25519_key.
[   11.538487] cloud-init[659]: Your public key has been saved in /etc/ssh/ssh_host_ed25519_key.pub.
[   11.538786] cloud-init[659]: The key fingerprint is:
[   11.539214] cloud-init[659]: SHA256:/SP9WIVdFN8DI793fU+jpPxhs3LRk9i//T4FWXKtOfM root@ubuntu-bionic
Started ACPI Events Check.
[[   11.539367] cloud-init[659]: The key's randomart image is:
[   11.547805] cloud-init[659]: +--[ED25519 256]--+
[   11.548273] cloud-init[659]: |           . o .+|
[   11.548793] cloud-init[659]: |            o +.*|
[   11.549303] cloud-init[659]: |             . O+|
[   11.549559] cloud-init[659]: |         .    Oo+|
[0;32m  OK  [0m] Reached target Paths.
[   11.550072] cloud-init[659]: |        S .  o=BO|
         [   11.572218] cloud-init[659]: |          .ooooBE|
[   11.572366] cloud-init[659]: |          .o+=o =|
[   11.573182] cloud-init[659]: |           oo*+.o|
[   11.573371] cloud-init[659]: |            +o.oB|
Starting LXD - unix socket.
[   11.573478] cloud-init[659]: +----[SHA256]-----+
[[0;32m  OK  [0m] Started Discard unused blocks once a week.
[[0;32m  OK  [0m] Listening on ACPID Listen Socket.
[[0;32m  OK  [0m] Listening on D-Bus System Message Bus Socket.
[[0;32m  OK  [0m] Started Daily apt upgrade and clean activities.
[[0;32m  OK  [0m] Started Message of the Day.
[[0;32m  OK  [0m] Started Daily Cleanup of Temporary Directories.
[[0;32m  OK  [0m] Reached target Timers.
[[0;32m  OK  [0m] Reached target Network is Online.
         Starting Availability of block devices...
[[0;32m  OK  [0m] Reached target Remote File Systems (Pre).
[[0;32m  OK  [0m] Reached target Remote File Systems.
[[0;32m  OK  [0m] Reached target Cloud-config availability.
[[0;32m  OK  [0m] Listening on Socket activation for snappy daemon.
[[0;32m  OK  [0m] Listening on LXD - unix socket.
[[0;32m  OK  [0m] Started Availability of block devices.
[[0;32m  OK  [0m] Reached target Sockets.
[[0;32m  OK  [0m] Reached target Basic System.
         Starting LSB: automatic crash report generation...
         Starting Accounts Service...
         Starting LXD - container startup/shutdown...
         Starting Login Service...
[[0;32m  OK  [0m] Started FUSE filesystem for LXC.
[[0;32m  OK  [0m] Started Deferred execution scheduler.
         Starting Dispatcher daemon for systemd-networkd...
         Starting System Logging Service...
         Starting Snappy daemon...
         Starting Virtualbox guest utils...
         Starting LSB: Record successful boot for GRUB...
         Starting Permit User Sessions...
[[0;32m  OK  [0m] Started Regular background program processing daemon.
[[0;32m  OK  [0m] Started irqbalance daemon.
         Starting Pollinate to seed the pseudo random number generator...
[[0;32m  OK  [0m] Started D-Bus System Message Bus.
[[0;32m  OK  [0m] Started Login Service.
[[0;32m  OK  [0m] Started Unattended Upgrades Shutdown.
[[0;32m  OK  [0m] Started LXD - container startup/shutdown.
[[0;32m  OK  [0m] Started Permit User Sessions.
         Starting Terminate Plymouth Boot Screen...
         Starting Hold until boot process finishes up...
[[0;32m  OK  [0m] Started Hold until boot process finishes up.
[[0;32m  OK  [0m] Started Serial Getty on ttyS0.
         Starting Set console scheme...
[[0;32m  OK  [0m] Started Terminate Plymouth Boot Screen.
[[0;32m  OK  [0m] Started System Logging Service.
[[0;32m  OK  [0m] Started Set console scheme.
[[0;32m  OK  [0m] Created slice system-getty.slice.
[[0;32m  OK  [0m] Started Getty on tty1.
[[0;32m  OK  [0m] Reached target Login Prompts.
         Starting Authorization Manager...
[[0;32m  OK  [0m] Started LSB: automatic crash report generation.
[[0;32m  OK  [0m] Started Authorization Manager.
[[0;32m  OK  [0m] Started Accounts Service.
[[0;32m  OK  [0m] Started Virtualbox guest utils.
[[0;32m  OK  [0m] Started LSB: Record successful boot for GRUB.
[[0;32m  OK  [0m] Started Dispatcher daemon for systemd-networkd.
[[0;32m  OK  [0m] Started Snappy daemon.
         Starting Wait until snapd is fully seeded...
[[0;32m  OK  [0m] Started Pollinate to seed the pseudo random number generator.
         Starting OpenBSD Secure Shell server...
[[0;32m  OK  [0m] Started OpenBSD Secure Shell server.
[[0;32m  OK  [0m] Created slice User Slice of vagrant.
         Starting User Manager for UID 1000...
[[0;32m  OK  [0m] Started Session 1 of user vagrant.
[[0;32m  OK  [0m] Started User Manager for UID 1000.
[[0;32m  OK  [0m] Started Wait until snapd is fully seeded.
         Starting Apply the settings specified in cloud-config...
[[0;32m  OK  [0m] Reached target Multi-User System.
[[0;32m  OK  [0m] Reached target Graphical Interface.
         Starting Update UTMP about System Runlevel Changes...
[[0;32m  OK  [0m] Started Update UTMP about System Runlevel Changes.
         Stopping User Manager for UID 1000...
[[0;32m  OK  [0m] Stopped User Manager for UID 1000.
[[0;32m  OK  [0m] Removed slice User Slice of vagrant.
[[0;32m  OK  [0m] Created slice User Slice of vagrant.
         Starting User Manager for UID 1000...
[[0;32m  OK  [0m] Started Session 3 of user vagrant.
[[0;32m  OK  [0m] Started User Manager for UID 1000.
[   16.321650] cloud-init[1476]: Cloud-init v. 19.3-41-gc4735dd3-0ubuntu1~18.04.1 running 'modules:config' at Sat, 21 Dec 2019 02:40:49 +0000. Up 15.94 seconds.
[[0;32m  OK  [0m] Started Apply the settings specified in cloud-config.
         Starting Execute cloud user/final scripts...
ci-info: no authorized ssh keys fingerprints found for user ubuntu.
<14>Dec 21 02:40:50 ec2: 
<14>Dec 21 02:40:50 ec2: #############################################################
<14>Dec 21 02:40:50 ec2: -----BEGIN SSH HOST KEY FINGERPRINTS-----
<14>Dec 21 02:40:50 ec2: 1024 SHA256:T5DcfEX/akM0dljEdoWuyn83+REyjemTPLCBk2Bb2+4 root@ubuntu-bionic (DSA)
<14>Dec 21 02:40:50 ec2: 256 SHA256:FZy2/NNh9gBZkGKkJWY0/dneMqupoOkCO0yioGKxQME root@ubuntu-bionic (ECDSA)
<14>Dec 21 02:40:50 ec2: 256 SHA256:/SP9WIVdFN8DI793fU+jpPxhs3LRk9i//T4FWXKtOfM root@ubuntu-bionic (ED25519)
<14>Dec 21 02:40:50 ec2: 2048 SHA256:PSM3mTGCqiUx7u4LL2G2phFTRdZB4thEvH7r8wgvZtA root@ubuntu-bionic (RSA)
<14>Dec 21 02:40:50 ec2: -----END SSH HOST KEY FINGERPRINTS-----
<14>Dec 21 02:40:50 ec2: #############################################################
-----BEGIN SSH HOST KEY KEYS-----
ecdsa-sha2-nistp256 AAAAE2VjZHNhLXNoYTItbmlzdHAyNTYAAAAIbmlzdHAyNTYAAABBBAb34Ez8gYL9qoZ2LxuAOWhWuyGK9c17R6GGHtaZHC2PPxBQLW/otU1XeMmRFjEJUxpo5YAyWvsuBHnYeyfU7T0= root@ubuntu-bionic
ssh-ed25519 AAAAC3NzaC1lZDI1NTE5AAAAIGH8lvCJ78IMpCNpmNe4cj4veP40ob91INvfyq3ETaF3 root@ubuntu-bionic
ssh-rsa AAAAB3NzaC1yc2EAAAADAQABAAABAQCmiTa97iS557lTxuCLUNGq12VsrNbnKAkZjJoXmaB2SnDrsEuvL9UJjW2xqtjuFNbTOz0yqfXcSv0J3RgjeqYkbqTMWZQrNYdFMKxp/ZNwfuYPlmQn1fcyJ1kJYiKoIoSihRtIF8GW/3etxkmkY5jglbU4J6JHpFdi/Hn4Za3C9cqKw80z1iLf+vQ1qgI5gHzfgotnONbTGYdbmGI3OzL6QI8QDpcOwbPsns2O3Iw+VFEQr1+1E7wPsfdjBCVUUEq448BeX7JvlJ8Y01PXsLJOwKthKc2mImAUK5qY42sWEk1PNXGy6YbMG2HBXdZ7qiTMWdtHsqMLTK1k/6D+akex root@ubuntu-bionic
-----END SSH HOST KEY KEYS-----
[   16.837113] cloud-init[1602]: Cloud-init v. 19.3-41-gc4735dd3-0ubuntu1~18.04.1 running 'modules:final' at Sat, 21 Dec 2019 02:40:50 +0000. Up 16.69 seconds.
[   16.848481] cloud-init[1602]: ci-info: no authorized ssh keys fingerprints found for user ubuntu.
[   16.849481] cloud-init[1602]: Cloud-init v. 19.3-41-gc4735dd3-0ubuntu1~18.04.1 finished at Sat, 21 Dec 2019 02:40:50 +0000. Datasource DataSourceNoCloud [seed=/dev/sdb][dsmode=net].  Up 16.83 seconds
[[0;32m  OK  [0m] Started Execute cloud user/final scripts.
[[0;32m  OK  [0m] Reached target Cloud-init target.

Ubuntu 18.04.3 LTS ubuntu-bionic ttyS0

ubuntu-bionic login: 